food_link_app/build/app/intermediates/manifest_merge_blame_file/debug/processDebugMainManifest/manifest-merger-blame-debug-report.txt
1<?xml version="1.0" encoding="utf-8"?>
2<manifest xmlns:android="http://schemas.android.com/apk/res/android"
3    package="com.example.food_bridge_app"
4    android:versionCode="1"
5    android:versionName="1.0.0" >
6
7    <uses-sdk
8        android:minSdkVersion="24"
9        android:targetSdkVersion="36" />
10    <!--
11         The INTERNET permission is required for development. Specifically,
12         the Flutter tool needs it to communicate with the running application
13         to allow setting breakpoints, to provide hot reload, etc.
14    -->
15    <uses-permission android:name="android.permission.INTERNET" />
15-->src\debug\AndroidManifest.xml:6:5-66
15-->src\debug\AndroidManifest.xml:6:22-64
16    <!--
17     Required to query activities that can process text, see:
18         https://developer.android.com/training/package-visibility and
19         https://developer.android.com/reference/android/content/Intent#ACTION_PROCESS_TEXT.
20
21         In particular, this is used by the Flutter engine in io.flutter.plugin.text.ProcessTextPlugin.
22    -->
23    <queries>
23-->src\main\AndroidManifest.xml:39:5-44:15
24        <intent>
24-->src\main\AndroidManifest.xml:40:9-43:18
25            <action android:name="android.intent.action.PROCESS_TEXT" />
25-->src\main\AndroidManifest.xml:41:13-72
25-->src\main\AndroidManifest.xml:41:21-70
26
27            <data android:mimeType="text/plain" />
27-->src\main\AndroidManifest.xml:42:13-50
27-->src\main\AndroidManifest.xml:42:19-48
28        </intent>
29        <!-- Needs to be explicitly declared on Android R+ -->
30        <package android:name="com.google.android.apps.maps" />
30-->[com.google.android.gms:play-services-maps:19.2.0] AndroidManifest.xml:29:7-61
30-->[com.google.android.gms:play-services-maps:19.2.0] AndroidManifest.xml:29:16-59
31    </queries>
32
33    <uses-permission android:name="android.permission.WAKE_LOCK" />
33-->[:firebase_messaging] AndroidManifest.xml:8:5-68
33-->[:firebase_messaging] AndroidManifest.xml:8:22-65
34    <uses-permission android:name="android.permission.ACCESS_NETWORK_STATE" /> <!-- Permissions options for the `notification` group -->
34-->[:firebase_messaging] AndroidManifest.xml:9:5-79
34-->[:firebase_messaging] AndroidManifest.xml:9:22-76
35    <uses-permission android:name="android.permission.POST_NOTIFICATIONS" /> <!-- Required by older versions of Google Play services to create IID tokens -->
35-->[:firebase_messaging] AndroidManifest.xml:11:5-77
35-->[:firebase_messaging] AndroidManifest.xml:11:22-74
36    <uses-permission android:name="com.google.android.c2dm.permission.RECEIVE" />
36-->[com.google.firebase:firebase-messaging:24.1.2] AndroidManifest.xml:26:5-82
36-->[com.google.firebase:firebase-messaging:24.1.2] AndroidManifest.xml:26:22-79
37
38    <uses-feature
38-->[com.google.android.gms:play-services-maps:19.2.0] AndroidManifest.xml:22:5-24:33
39        android:glEsVersion="0x00020000"
39-->[com.google.android.gms:play-services-maps:19.2.0] AndroidManifest.xml:23:8-40
40        android:required="true" />
40-->[com.google.android.gms:play-services-maps:19.2.0] AndroidManifest.xml:24:8-31
41
42    <uses-permission android:name="com.google.android.providers.gsf.permission.READ_GSERVICES" />
42-->[com.google.android.recaptcha:recaptcha:18.6.1] AndroidManifest.xml:9:5-98
42-->[com.google.android.recaptcha:recaptcha:18.6.1] AndroidManifest.xml:9:22-95
43
44    <permission
44-->[androidx.core:core:1.13.1] AndroidManifest.xml:22:5-24:47
45        android:name="com.example.food_bridge_app.DYNAMIC_RECEIVER_NOT_EXPORTED_PERMISSION"
45-->[androidx.core:core:1.13.1] AndroidManifest.xml:23:9-81
46        android:protectionLevel="signature" />
46-->[androidx.core:core:1.13.1] AndroidManifest.xml:24:9-44
47
48    <uses-permission android:name="com.example.food_bridge_app.DYNAMIC_RECEIVER_NOT_EXPORTED_PERMISSION" />
48-->[androidx.core:core:1.13.1] AndroidManifest.xml:26:5-97
48-->[androidx.core:core:1.13.1] AndroidManifest.xml:26:22-94
49
50    <application
51        android:name="android.app.Application"
52        android:appComponentFactory="androidx.core.app.CoreComponentFactory"
52-->[androidx.core:core:1.13.1] AndroidManifest.xml:28:18-86
53        android:debuggable="true"
54        android:extractNativeLibs="false"
55        android:icon="@mipmap/ic_launcher"
56        android:label="food_bridge_app" >
57        <activity
58            android:name="com.example.food_bridge_app.MainActivity"
59            android:configChanges="orientation|keyboardHidden|keyboard|screenSize|smallestScreenSize|locale|layoutDirection|fontScale|screenLayout|density|uiMode"
60            android:exported="true"
61            android:hardwareAccelerated="true"
62            android:launchMode="singleTop"
63            android:taskAffinity=""
64            android:theme="@style/LaunchTheme"
65            android:windowSoftInputMode="adjustResize" >
66
67            <!--
68                 Specifies an Android theme to apply to this Activity as soon as
69                 the Android process has started. This theme is visible to the user
70                 while the Flutter UI initializes. After that, this theme continues
71                 to determine the Window background behind the Flutter UI.
72            -->
73            <meta-data
74                android:name="io.flutter.embedding.android.NormalTheme"
75                android:resource="@style/NormalTheme" />
76
77            <intent-filter>
78                <action android:name="android.intent.action.MAIN" />
79
80                <category android:name="android.intent.category.LAUNCHER" />
81            </intent-filter>
82        </activity>
83        <!--
84             Don't delete the meta-data below.
85             This is used by the Flutter tool to generate GeneratedPluginRegistrant.java
86        -->
87        <meta-data
88            android:name="flutterEmbedding"
89            android:value="2" />
90
91        <service
91-->[:firebase_auth] AndroidManifest.xml:8:9-12:19
92            android:name="com.google.firebase.components.ComponentDiscoveryService"
92-->[:firebase_auth] AndroidManifest.xml:8:18-89
93            android:directBootAware="true"
93-->[com.google.firebase:firebase-common:21.0.0] AndroidManifest.xml:32:13-43
94            android:exported="false" >
94-->[com.google.firebase:firebase-auth:23.2.1] AndroidManifest.xml:68:13-37
95            <meta-data
95-->[:firebase_auth] AndroidManifest.xml:9:13-11:85
96                android:name="com.google.firebase.components:io.flutter.plugins.firebase.auth.FlutterFirebaseAuthRegistrar"
96-->[:firebase_auth] AndroidManifest.xml:10:17-124
97                android:value="com.google.firebase.components.ComponentRegistrar" />
97-->[:firebase_auth] AndroidManifest.xml:11:17-82
98            <meta-data
98-->[:cloud_firestore] AndroidManifest.xml:9:13-11:85
99                android:name="com.google.firebase.components:io.flutter.plugins.firebase.firestore.FlutterFirebaseFirestoreRegistrar"
99-->[:cloud_firestore] AndroidManifest.xml:10:17-134
100                android:value="com.google.firebase.components.ComponentRegistrar" />
100-->[:cloud_firestore] AndroidManifest.xml:11:17-82
101            <meta-data
101-->[:firebase_messaging] AndroidManifest.xml:36:13-38:85
102                android:name="com.google.firebase.components:io.flutter.plugins.firebase.messaging.FlutterFirebaseAppRegistrar"
102-->[:firebase_messaging] AndroidManifest.xml:37:17-128
103                android:value="com.google.firebase.components.ComponentRegistrar" />
103-->[:firebase_messaging] AndroidManifest.xml:38:17-82
104            <meta-data
104-->[:firebase_core] AndroidManifest.xml:9:13-11:85
105                android:name="com.google.firebase.components:io.flutter.plugins.firebase.core.FlutterFirebaseCoreRegistrar"
105-->[:firebase_core] AndroidManifest.xml:10:17-124
106                android:value="com.google.firebase.components.ComponentRegistrar" />
106-->[:firebase_core] AndroidManifest.xml:11:17-82
107            <meta-data
107-->[com.google.firebase:firebase-auth:23.2.1] AndroidManifest.xml:69:13-71:85
108                android:name="com.google.firebase.components:com.google.firebase.auth.FirebaseAuthRegistrar"
108-->[com.google.firebase:firebase-auth:23.2.1] AndroidManifest.xml:70:17-109
109                android:value="com.google.firebase.components.ComponentRegistrar" />
109-->[com.google.firebase:firebase-auth:23.2.1] AndroidManifest.xml:71:17-82
110            <meta-data
110-->[com.google.firebase:firebase-firestore:25.1.4] AndroidManifest.xml:17:13-19:85
111                android:name="com.google.firebase.components:com.google.firebase.firestore.FirebaseFirestoreKtxRegistrar"
111-->[com.google.firebase:firebase-firestore:25.1.4] AndroidManifest.xml:18:17-122
112                android:value="com.google.firebase.components.ComponentRegistrar" />
112-->[com.google.firebase:firebase-firestore:25.1.4] AndroidManifest.xml:19:17-82
113            <meta-data
113-->[com.google.firebase:firebase-firestore:25.1.4] AndroidManifest.xml:20:13-22:85
114                android:name="com.google.firebase.components:com.google.firebase.firestore.FirestoreRegistrar"
114-->[com.google.firebase:firebase-firestore:25.1.4] AndroidManifest.xml:21:17-111
115                android:value="com.google.firebase.components.ComponentRegistrar" />
115-->[com.google.firebase:firebase-firestore:25.1.4] AndroidManifest.xml:22:17-82
116            <meta-data
116-->[com.google.firebase:firebase-messaging:24.1.2] AndroidManifest.xml:57:13-59:85
117                android:name="com.google.firebase.components:com.google.firebase.messaging.FirebaseMessagingKtxRegistrar"
117-->[com.google.firebase:firebase-messaging:24.1.2] AndroidManifest.xml:58:17-122
118                android:value="com.google.firebase.components.ComponentRegistrar" />
118-->[com.google.firebase:firebase-messaging:24.1.2] AndroidManifest.xml:59:17-82
119            <meta-data
119-->[com.google.firebase:firebase-messaging:24.1.2] AndroidManifest.xml:60:13-62:85
120                android:name="com.google.firebase.components:com.google.firebase.messaging.FirebaseMessagingRegistrar"
120-->[com.google.firebase:firebase-messaging:24.1.2] AndroidManifest.xml:61:17-119
121                android:value="com.google.firebase.components.ComponentRegistrar" />
121-->[com.google.firebase:firebase-messaging:24.1.2] AndroidManifest.xml:62:17-82
122            <meta-data
122-->[com.google.firebase:firebase-installations:18.0.0] AndroidManifest.xml:15:13-17:85
123                android:name="com.google.firebase.components:com.google.firebase.installations.FirebaseInstallationsKtxRegistrar"
123-->[com.google.firebase:firebase-installations:18.0.0] AndroidManifest.xml:16:17-130
124                android:value="com.google.firebase.components.ComponentRegistrar" />
124-->[com.google.firebase:firebase-installations:18.0.0] AndroidManifest.xml:17:17-82
125            <meta-data
125-->[com.google.firebase:firebase-installations:18.0.0] AndroidManifest.xml:18:13-20:85
126                android:name="com.google.firebase.components:com.google.firebase.installations.FirebaseInstallationsRegistrar"
126-->[com.google.firebase:firebase-installations:18.0.0] AndroidManifest.xml:19:17-127
127                android:value="com.google.firebase.components.ComponentRegistrar" />
127-->[com.google.firebase:firebase-installations:18.0.0] AndroidManifest.xml:20:17-82
128            <meta-data
128-->[com.google.firebase:firebase-common-ktx:21.0.0] AndroidManifest.xml:12:13-14:85
129                android:name="com.google.firebase.components:com.google.firebase.ktx.FirebaseCommonLegacyRegistrar"
129-->[com.google.firebase:firebase-common-ktx:21.0.0] AndroidManifest.xml:13:17-116
130                android:value="com.google.firebase.components.ComponentRegistrar" />
130-->[com.google.firebase:firebase-common-ktx:21.0.0] AndroidManifest.xml:14:17-82
131            <meta-data
131-->[com.google.firebase:firebase-common:21.0.0] AndroidManifest.xml:35:13-37:85
132                android:name="com.google.firebase.components:com.google.firebase.FirebaseCommonKtxRegistrar"
132-->[com.google.firebase:firebase-common:21.0.0] AndroidManifest.xml:36:17-109
133                android:value="com.google.firebase.components.ComponentRegistrar" />
133-->[com.google.firebase:firebase-common:21.0.0] AndroidManifest.xml:37:17-82
134            <meta-data
134-->[com.google.firebase:firebase-datatransport:18.2.0] AndroidManifest.xml:25:13-27:85
135                android:name="com.google.firebase.components:com.google.firebase.datatransport.TransportRegistrar"
135-->[com.google.firebase:firebase-datatransport:18.2.0] AndroidManifest.xml:26:17-115
136                android:value="com.google.firebase.components.ComponentRegistrar" />
136-->[com.google.firebase:firebase-datatransport:18.2.0] AndroidManifest.xml:27:17-82
137        </service>
138        <service
138-->[:firebase_messaging] AndroidManifest.xml:14:9-17:72
139            android:name="io.flutter.plugins.firebase.messaging.FlutterFirebaseMessagingBackgroundService"
139-->[:firebase_messaging] AndroidManifest.xml:15:13-107
140            android:exported="false"
140-->[:firebase_messaging] AndroidManifest.xml:16:13-37
141            android:permission="android.permission.BIND_JOB_SERVICE" />
141-->[:firebase_messaging] AndroidManifest.xml:17:13-69
142        <service
142-->[:firebase_messaging] AndroidManifest.xml:18:9-24:19
143            android:name="io.flutter.plugins.firebase.messaging.FlutterFirebaseMessagingService"
143-->[:firebase_messaging] AndroidManifest.xml:19:13-97
144            android:exported="false" >
144-->[:firebase_messaging] AndroidManifest.xml:20:13-37
145            <intent-filter>
145-->[:firebase_messaging] AndroidManifest.xml:21:13-23:29
146                <action android:name="com.google.firebase.MESSAGING_EVENT" />
146-->[:firebase_messaging] AndroidManifest.xml:22:17-78
146-->[:firebase_messaging] AndroidManifest.xml:22:25-75
147            </intent-filter>
148        </service>
149
150        <receiver
150-->[:firebase_messaging] AndroidManifest.xml:26:9-33:20
151            android:name="io.flutter.plugins.firebase.messaging.FlutterFirebaseMessagingReceiver"
151-->[:firebase_messaging] AndroidManifest.xml:27:13-98
152            android:exported="true"
152-->[:firebase_messaging] AndroidManifest.xml:28:13-36
153            android:permission="com.google.android.c2dm.permission.SEND" >
153-->[:firebase_messaging] AndroidManifest.xml:29:13-73
154            <intent-filter>
154-->[:firebase_messaging] AndroidManifest.xml:30:13-32:29
155                <action android:name="com.google.android.c2dm.intent.RECEIVE" />
155-->[:firebase_messaging] AndroidManifest.xml:31:17-81
155-->[:firebase_messaging] AndroidManifest.xml:31:25-78
156            </intent-filter>
157        </receiver>
158
159        <provider
159-->[:firebase_messaging] AndroidManifest.xml:41:9-45:38
160            android:name="io.flutter.plugins.firebase.messaging.FlutterFirebaseMessagingInitProvider"
160-->[:firebase_messaging] AndroidManifest.xml:42:13-102
161            android:authorities="com.example.food_bridge_app.flutterfirebasemessaginginitprovider"
161-->[:firebase_messaging] AndroidManifest.xml:43:13-88
162            android:exported="false"
162-->[:firebase_messaging] AndroidManifest.xml:44:13-37
163            android:initOrder="99" />
163-->[:firebase_messaging] AndroidManifest.xml:45:13-35
164
165        <activity
165-->[com.google.firebase:firebase-auth:23.2.1] AndroidManifest.xml:29:9-46:20
166            android:name="com.google.firebase.auth.internal.GenericIdpActivity"
166-->[com.google.firebase:firebase-auth:23.2.1] AndroidManifest.xml:30:13-80
167            android:excludeFromRecents="true"
167-->[com.google.firebase:firebase-auth:23.2.1] AndroidManifest.xml:31:13-46
168            android:exported="true"
168-->[com.google.firebase:firebase-auth:23.2.1] AndroidManifest.xml:32:13-36
169            android:launchMode="singleTask"
169-->[com.google.firebase:firebase-auth:23.2.1] AndroidManifest.xml:33:13-44
170            android:theme="@android:style/Theme.Translucent.NoTitleBar" >
170-->[com.google.firebase:firebase-auth:23.2.1] AndroidManifest.xml:34:13-72
171            <intent-filter>
171-->[com.google.firebase:firebase-auth:23.2.1] AndroidManifest.xml:35:13-45:29
172                <action android:name="android.intent.action.VIEW" />
172-->[com.google.firebase:firebase-auth:23.2.1] AndroidManifest.xml:36:17-69
172-->[com.google.firebase:firebase-auth:23.2.1] AndroidManifest.xml:36:25-66
173
174                <category android:name="android.intent.category.DEFAULT" />
174-->[com.google.firebase:firebase-auth:23.2.1] AndroidManifest.xml:38:17-76
174-->[com.google.firebase:firebase-auth:23.2.1] AndroidManifest.xml:38:27-73
175                <category android:name="android.intent.category.BROWSABLE" />
175-->[com.google.firebase:firebase-auth:23.2.1] AndroidManifest.xml:39:17-78
175-->[com.google.firebase:firebase-auth:23.2.1] AndroidManifest.xml:39:27-75
176
177                <data
177-->src\main\AndroidManifest.xml:42:13-50
178                    android:host="firebase.auth"
179                    android:path="/"
180                    android:scheme="genericidp" />
181            </intent-filter>
182        </activity>
183        <activity
183-->[com.google.firebase:firebase-auth:23.2.1] AndroidManifest.xml:47:9-64:20
184            android:name="com.google.firebase.auth.internal.RecaptchaActivity"
184-->[com.google.firebase:firebase-auth:23.2.1] AndroidManifest.xml:48:13-79
185            android:excludeFromRecents="true"
185-->[com.google.firebase:firebase-auth:23.2.1] AndroidManifest.xml:49:13-46
186            android:exported="true"
186-->[com.google.firebase:firebase-auth:23.2.1] AndroidManifest.xml:50:13-36
187            android:launchMode="singleTask"
187-->[com.google.firebase:firebase-auth:23.2.1] AndroidManifest.xml:51:13-44
188            android:theme="@android:style/Theme.Translucent.NoTitleBar" >
188-->[com.google.firebase:firebase-auth:23.2.1] AndroidManifest.xml:52:13-72
189            <intent-filter>
189-->[com.google.firebase:firebase-auth:23.2.1] AndroidManifest.xml:53:13-63:29
190                <action android:name="android.intent.action.VIEW" />
190-->[com.google.firebase:firebase-auth:23.2.1] AndroidManifest.xml:36:17-69
190-->[com.google.firebase:firebase-auth:23.2.1] AndroidManifest.xml:36:25-66
191
192                <category android:name="android.intent.category.DEFAULT" />
192-->[com.google.firebase:firebase-auth:23.2.1] AndroidManifest.xml:38:17-76
192-->[com.google.firebase:firebase-auth:23.2.1] AndroidManifest.xml:38:27-73
193                <category android:name="android.intent.category.BROWSABLE" />
193-->[com.google.firebase:firebase-auth:23.2.1] AndroidManifest.xml:39:17-78
193-->[com.google.firebase:firebase-auth:23.2.1] AndroidManifest.xml:39:27-75
194
195                <data
195-->src\main\AndroidManifest.xml:42:13-50
196                    android:host="firebase.auth"
197                    android:path="/"
198                    android:scheme="recaptcha" />
199            </intent-filter>
200        </activity>
201
202        <receiver
202-->[com.google.firebase:firebase-messaging:24.1.2] AndroidManifest.xml:29:9-40:20
203            android:name="com.google.firebase.iid.FirebaseInstanceIdReceiver"
203-->[com.google.firebase:firebase-messaging:24.1.2] AndroidManifest.xml:30:13-78
204            android:exported="true"
204-->[com.google.firebase:firebase-messaging:24.1.2] AndroidManifest.xml:31:13-36
205            android:permission="com.google.android.c2dm.permission.SEND" >
205-->[com.google.firebase:firebase-messaging:24.1.2] AndroidManifest.xml:32:13-73
206            <intent-filter>
206-->[:firebase_messaging] AndroidManifest.xml:30:13-32:29
207                <action android:name="com.google.android.c2dm.intent.RECEIVE" />
207-->[:firebase_messaging] AndroidManifest.xml:31:17-81
207-->[:firebase_messaging] AndroidManifest.xml:31:25-78
208            </intent-filter>
209
210            <meta-data
210-->[com.google.firebase:firebase-messaging:24.1.2] AndroidManifest.xml:37:13-39:40
211                android:name="com.google.android.gms.cloudmessaging.FINISHED_AFTER_HANDLED"
211-->[com.google.firebase:firebase-messaging:24.1.2] AndroidManifest.xml:38:17-92
212                android:value="true" />
212-->[com.google.firebase:firebase-messaging:24.1.2] AndroidManifest.xml:39:17-37
213        </receiver>
214        <!--
215             FirebaseMessagingService performs security checks at runtime,
216             but set to not exported to explicitly avoid allowing another app to call it.
217        -->
218        <service
218-->[com.google.firebase:firebase-messaging:24.1.2] AndroidManifest.xml:46:9-53:19
219            android:name="com.google.firebase.messaging.FirebaseMessagingService"
219-->[com.google.firebase:firebase-messaging:24.1.2] AndroidManifest.xml:47:13-82
220            android:directBootAware="true"
220-->[com.google.firebase:firebase-messaging:24.1.2] AndroidManifest.xml:48:13-43
221            android:exported="false" >
221-->[com.google.firebase:firebase-messaging:24.1.2] AndroidManifest.xml:49:13-37
222            <intent-filter android:priority="-500" >
222-->[:firebase_messaging] AndroidManifest.xml:21:13-23:29
223                <action android:name="com.google.firebase.MESSAGING_EVENT" />
223-->[:firebase_messaging] AndroidManifest.xml:22:17-78
223-->[:firebase_messaging] AndroidManifest.xml:22:25-75
224            </intent-filter>
225        </service>
226
227        <provider
227-->[com.google.firebase:firebase-common:21.0.0] AndroidManifest.xml:23:9-28:39
228            android:name="com.google.firebase.provider.FirebaseInitProvider"
228-->[com.google.firebase:firebase-common:21.0.0] AndroidManifest.xml:24:13-77
229            android:authorities="com.example.food_bridge_app.firebaseinitprovider"
229-->[com.google.firebase:firebase-common:21.0.0] AndroidManifest.xml:25:13-72
230            android:directBootAware="true"
230-->[com.google.firebase:firebase-common:21.0.0] AndroidManifest.xml:26:13-43
231            android:exported="false"
231-->[com.google.firebase:firebase-common:21.0.0] AndroidManifest.xml:27:13-37
232            android:initOrder="100" /> <!-- Needs to be explicitly declared on P+ -->
232-->[com.google.firebase:firebase-common:21.0.0] AndroidManifest.xml:28:13-36
233        <uses-library
233-->[com.google.android.gms:play-services-maps:19.2.0] AndroidManifest.xml:33:7-86
234            android:name="org.apache.http.legacy"
234-->[com.google.android.gms:play-services-maps:19.2.0] AndroidManifest.xml:33:21-58
235            android:required="false" />
235-->[com.google.android.gms:play-services-maps:19.2.0] AndroidManifest.xml:33:59-83
236
237        <service
237-->[androidx.credentials:credentials-play-services-auth:1.2.0-rc01] AndroidManifest.xml:24:9-32:19
238            android:name="androidx.credentials.playservices.CredentialProviderMetadataHolder"
238-->[androidx.credentials:credentials-play-services-auth:1.2.0-rc01] AndroidManifest.xml:25:13-94
239            android:enabled="true"
239-->[androidx.credentials:credentials-play-services-auth:1.2.0-rc01] AndroidManifest.xml:26:13-35
240            android:exported="false" >
240-->[androidx.credentials:credentials-play-services-auth:1.2.0-rc01] AndroidManifest.xml:27:13-37
241            <meta-data
241-->[androidx.credentials:credentials-play-services-auth:1.2.0-rc01] AndroidManifest.xml:29:13-31:104
242                android:name="androidx.credentials.CREDENTIAL_PROVIDER_KEY"
242-->[androidx.credentials:credentials-play-services-auth:1.2.0-rc01] AndroidManifest.xml:30:17-76
243                android:value="androidx.credentials.playservices.CredentialProviderPlayServicesImpl" />
243-->[androidx.credentials:credentials-play-services-auth:1.2.0-rc01] AndroidManifest.xml:31:17-101
244        </service>
245
246        <activity
246-->[androidx.credentials:credentials-play-services-auth:1.2.0-rc01] AndroidManifest.xml:34:9-41:20
247            android:name="androidx.credentials.playservices.HiddenActivity"
247-->[androidx.credentials:credentials-play-services-auth:1.2.0-rc01] AndroidManifest.xml:35:13-76
248            android:configChanges="orientation|screenSize|screenLayout|keyboardHidden"
248-->[androidx.credentials:credentials-play-services-auth:1.2.0-rc01] AndroidManifest.xml:36:13-87
249            android:enabled="true"
249-->[androidx.credentials:credentials-play-services-auth:1.2.0-rc01] AndroidManifest.xml:37:13-35
250            android:exported="false"
250-->[androidx.credentials:credentials-play-services-auth:1.2.0-rc01] AndroidManifest.xml:38:13-37
251            android:fitsSystemWindows="true"
251-->[androidx.credentials:credentials-play-services-auth:1.2.0-rc01] AndroidManifest.xml:39:13-45
252            android:theme="@style/Theme.Hidden" >
252-->[androidx.credentials:credentials-play-services-auth:1.2.0-rc01] AndroidManifest.xml:40:13-48
253        </activity>
254        <activity
254-->[com.google.android.gms:play-services-auth:20.7.0] AndroidManifest.xml:23:9-27:75
255            android:name="com.google.android.gms.auth.api.signin.internal.SignInHubActivity"
255-->[com.google.android.gms:play-services-auth:20.7.0] AndroidManifest.xml:24:13-93
256            android:excludeFromRecents="true"
256-->[com.google.android.gms:play-services-auth:20.7.0] AndroidManifest.xml:25:13-46
257            android:exported="false"
257-->[com.google.android.gms:play-services-auth:20.7.0] AndroidManifest.xml:26:13-37
258            android:theme="@android:style/Theme.Translucent.NoTitleBar" />
258-->[com.google.android.gms:play-services-auth:20.7.0] AndroidManifest.xml:27:13-72
259        <!--
260            Service handling Google Sign-In user revocation. For apps that do not integrate with
261            Google Sign-In, this service will never be started.
262        -->
263        <service
263-->[com.google.android.gms:play-services-auth:20.7.0] AndroidManifest.xml:33:9-37:51
264            android:name="com.google.android.gms.auth.api.signin.RevocationBoundService"
264-->[com.google.android.gms:play-services-auth:20.7.0] AndroidManifest.xml:34:13-89
265            android:exported="true"
265-->[com.google.android.gms:play-services-auth:20.7.0] AndroidManifest.xml:35:13-36
266            android:permission="com.google.android.gms.auth.api.signin.permission.REVOCATION_NOTIFICATION"
266-->[com.google.android.gms:play-services-auth:20.7.0] AndroidManifest.xml:36:13-107
267            android:visibleToInstantApps="true" />
267-->[com.google.android.gms:play-services-auth:20.7.0] AndroidManifest.xml:37:13-48
268
269        <activity
269-->[com.google.android.gms:play-services-base:18.5.0] AndroidManifest.xml:5:9-173
270            android:name="com.google.android.gms.common.api.GoogleApiActivity"
270-->[com.google.android.gms:play-services-base:18.5.0] AndroidManifest.xml:5:19-85
271            android:exported="false"
271-->[com.google.android.gms:play-services-base:18.5.0] AndroidManifest.xml:5:146-170
272            android:theme="@android:style/Theme.Translucent.NoTitleBar" />
272-->[com.google.android.gms:play-services-base:18.5.0] AndroidManifest.xml:5:86-145
273
274        <uses-library
274-->[androidx.window:window:1.2.0] AndroidManifest.xml:23:9-25:40
275            android:name="androidx.window.extensions"
275-->[androidx.window:window:1.2.0] AndroidManifest.xml:24:13-54
276            android:required="false" />
276-->[androidx.window:window:1.2.0] AndroidManifest.xml:25:13-37
277        <uses-library
277-->[androidx.window:window:1.2.0] AndroidManifest.xml:26:9-28:40
278            android:name="androidx.window.sidecar"
278-->[androidx.window:window:1.2.0] AndroidManifest.xml:27:13-51
279            android:required="false" />
279-->[androidx.window:window:1.2.0] AndroidManifest.xml:28:13-37
280
281        <meta-data
281-->[com.google.android.gms:play-services-basement:18.4.0] AndroidManifest.xml:6:9-122
282            android:name="com.google.android.gms.version"
282-->[com.google.android.gms:play-services-basement:18.4.0] AndroidManifest.xml:6:20-65
283            android:value="@integer/google_play_services_version" />
283-->[com.google.android.gms:play-services-basement:18.4.0] AndroidManifest.xml:6:66-119
284
285        <provider
285-->[androidx.lifecycle:lifecycle-process:2.7.0] AndroidManifest.xml:24:9-32:20
286            android:name="androidx.startup.InitializationProvider"
286-->[androidx.lifecycle:lifecycle-process:2.7.0] AndroidManifest.xml:25:13-67
287            android:authorities="com.example.food_bridge_app.androidx-startup"
287-->[androidx.lifecycle:lifecycle-process:2.7.0] AndroidManifest.xml:26:13-68
288            android:exported="false" >
288-->[androidx.lifecycle:lifecycle-process:2.7.0] AndroidManifest.xml:27:13-37
289            <meta-data
289-->[androidx.lifecycle:lifecycle-process:2.7.0] AndroidManifest.xml:29:13-31:52
290                android:name="androidx.lifecycle.ProcessLifecycleInitializer"
290-->[androidx.lifecycle:lifecycle-process:2.7.0] AndroidManifest.xml:30:17-78
291                android:value="androidx.startup" />
291-->[androidx.lifecycle:lifecycle-process:2.7.0] AndroidManifest.xml:31:17-49
292            <meta-data
292-->[androidx.profileinstaller:profileinstaller:1.3.1] AndroidManifest.xml:29:13-31:52
293                android:name="androidx.profileinstaller.ProfileInstallerInitializer"
293-->[androidx.profileinstaller:profileinstaller:1.3.1] AndroidManifest.xml:30:17-85
294                android:value="androidx.startup" />
294-->[androidx.profileinstaller:profileinstaller:1.3.1] AndroidManifest.xml:31:17-49
295        </provider>
296
297        <receiver
297-->[androidx.profileinstaller:profileinstaller:1.3.1] AndroidManifest.xml:34:9-52:20